This is pdfTeX, Version 3.14159265-2.6-1.40.15 (TeX Live 2014/W32TeX) (preloaded format=pdflatex 2014.7.12)  15 DEC 2020 13:35
entering extended mode
 restricted \write18 enabled.
 %&-line parsing enabled.
**git_commands.tex
(./git_commands.tex
LaTeX2e <2014/05/01>
Babel <3.9k> and hyphenation patterns for 79 languages loaded.
(c:/texlive/2014/texmf-dist/tex/latex/koma-script/scrartcl.cls
Document Class: scrartcl 2013/12/19 v3.12 KOMA-Script document class (article)
(c:/texlive/2014/texmf-dist/tex/latex/koma-script/scrkbase.sty
Package: scrkbase 2013/12/19 v3.12 KOMA-Script package (KOMA-Script-dependent b
asics and keyval usage)

(c:/texlive/2014/texmf-dist/tex/latex/koma-script/scrbase.sty
Package: scrbase 2013/12/19 v3.12 KOMA-Script package (KOMA-Script-independent 
basics and keyval usage)

(c:/texlive/2014/texmf-dist/tex/latex/graphics/keyval.sty
Package: keyval 2014/05/08 v1.15 key=value parser (DPC)
\KV@toks@=\toks14
)
(c:/texlive/2014/texmf-dist/tex/latex/koma-script/scrlfile.sty
Package: scrlfile 2013/12/19 v3.12 KOMA-Script package (loading files)

Package scrlfile, 2013/12/19 v3.12 KOMA-Script package (loading files)
                  Copyright (C) Markus Kohm

))) (c:/texlive/2014/texmf-dist/tex/latex/koma-script/tocbasic.sty
Package: tocbasic 2013/12/19 v3.12 KOMA-Script package (handling toc-files)
)
Package tocbasic Info: omitting babel extension for `toc'
(tocbasic)             because of feature `nobabel' available
(tocbasic)             for `toc' on input line 115.
Package tocbasic Info: omitting babel extension for `lof'
(tocbasic)             because of feature `nobabel' available
(tocbasic)             for `lof' on input line 116.
Package tocbasic Info: omitting babel extension for `lot'
(tocbasic)             because of feature `nobabel' available
(tocbasic)             for `lot' on input line 117.
Package scrartcl Info: You've used standard option `12pt'.
(scrartcl)             This is correct!
(scrartcl)             Internally I'm using `fontsize=12pt'.
(scrartcl)             If you'd like to set the option with \KOMAoptions,
(scrartcl)             you'd have to use `fontsize=12pt' there
(scrartcl)             instead of `12pt', too.
Class scrartcl Info: File `scrsize12pt.clo' used to setup font sizes on input l
ine 1531.

(c:/texlive/2014/texmf-dist/tex/latex/koma-script/scrsize12pt.clo
File: scrsize12pt.clo 2013/12/19 v3.12 KOMA-Script font size class option (12pt
)
)
(c:/texlive/2014/texmf-dist/tex/latex/koma-script/typearea.sty
Package: typearea 2013/12/19 v3.12 KOMA-Script package (type area)

Package typearea, 2013/12/19 v3.12 KOMA-Script package (type area)
                  Copyright (C) Frank Neukam, 1992-1994
                  Copyright (C) Markus Kohm, 1994-

\ta@bcor=\skip41
\ta@div=\count79
Package typearea Info: You've used standard option `a4paper'.
(typearea)             This is correct!
(typearea)             Internally I'm using `paper=a4'.
(typearea)             If you'd like to set the option with \KOMAoptions,
(typearea)             you'd have to use `paper=a4' there
(typearea)             instead of `a4paper', too.
\ta@hblk=\skip42
\ta@vblk=\skip43
\ta@temp=\skip44
\footheight=\skip45
Package typearea Info: These are the values describing the layout:
(typearea)             DIV  = 12
(typearea)             BCOR = 0.0pt
(typearea)             \paperwidth      = 597.50793pt
(typearea)              \textwidth      = 448.13095pt
(typearea)              DIV departure   = -6%
(typearea)              \evensidemargin = 2.4185pt
(typearea)              \oddsidemargin  = 2.4185pt
(typearea)             \paperheight     = 845.04694pt
(typearea)              \textheight     = 635.5pt
(typearea)              \topmargin      = -41.72441pt
(typearea)              \headheight     = 18.125pt
(typearea)              \headsep        = 21.75pt
(typearea)              \topskip        = 12.0pt
(typearea)              \footskip       = 50.75pt
(typearea)              \baselineskip   = 14.5pt
(typearea)              on input line 1330.
)
\c@part=\count80
\c@section=\count81
\c@subsection=\count82
\c@subsubsection=\count83
\c@paragraph=\count84
\c@subparagraph=\count85
\abovecaptionskip=\skip46
\belowcaptionskip=\skip47
\c@pti@nb@sid@b@x=\box26
\c@figure=\count86
\c@table=\count87
\bibindent=\dimen102
) (./git_commands.aux)
\openout1 = `git_commands.aux'.

LaTeX Font Info:    Checking defaults for OML/cmm/m/it on input line 9.
LaTeX Font Info:    ... okay on input line 9.
LaTeX Font Info:    Checking defaults for T1/cmr/m/n on input line 9.
LaTeX Font Info:    ... okay on input line 9.
LaTeX Font Info:    Checking defaults for OT1/cmr/m/n on input line 9.
LaTeX Font Info:    ... okay on input line 9.
LaTeX Font Info:    Checking defaults for OMS/cmsy/m/n on input line 9.
LaTeX Font Info:    ... okay on input line 9.
LaTeX Font Info:    Checking defaults for OMX/cmex/m/n on input line 9.
LaTeX Font Info:    ... okay on input line 9.
LaTeX Font Info:    Checking defaults for U/cmr/m/n on input line 9.
LaTeX Font Info:    ... okay on input line 9.
LaTeX Font Info:    External font `cmex10' loaded for size
(Font)              <17.28> on input line 12.
LaTeX Font Info:    External font `cmex10' loaded for size
(Font)              <12> on input line 12.
LaTeX Font Info:    Try loading font information for OMS+cmr on input line 15.
 (c:/texlive/2014/texmf-dist/tex/latex/base/omscmr.fd
File: omscmr.fd 1999/05/25 v2.5h Standard LaTeX font definitions
)
LaTeX Font Info:    Font shape `OMS/cmr/m/n' in size <12> not available
(Font)              Font shape `OMS/cmsy/m/n' tried instead on input line 15.

Underfull \hbox (badness 10000) in paragraph at lines 33--35

 []


Underfull \hbox (badness 10000) in paragraph at lines 36--37

 []

[1




{c:/texlive/2014/texmf-var/fonts/map/pdftex/updmap/pdftex.map}]
Overfull \hbox (18.86186pt too wide) in paragraph at lines 69--70
[]\OT1/cmr/m/n/12 the \OT1/cmr/m/it/12 HEAD \OT1/cmr/m/n/12 pointer now points 
to \OT1/cmr/m/it/12 my-other-branch\OT1/cmr/m/n/12 's
 []


Overfull \hbox (6.3977pt too wide) in paragraph at lines 85--87
[]\OT1/cmr/m/n/12 to merge it with lo-cal database, \OT1/cmtt/m/n/12 git merge 
name-of-
 []

[2]
Overfull \hbox (3.89139pt too wide) in paragraph at lines 114--115
[]\OT1/cmr/m/n/12 forces re-moval if al-ready staged. Re-moves \OT1/cmr/m/it/12
 name-
 []

LaTeX Font Info:    Try loading font information for OMS+cmtt on input line 116
.
LaTeX Font Info:    No file OMScmtt.fd. on input line 116.

LaTeX Font Warning: Font shape `OMS/cmtt/m/n' undefined
(Font)              using `OMS/cmsy/m/n' instead
(Font)              for symbol `textbraceleft' on input line 116.


Overfull \hbox (156.1738pt too wide) in paragraph at lines 125--126
[]
 []


Overfull \hbox (1.75293pt too wide) in paragraph at lines 125--126
\OT1/cmr/m/n/12 for in-stance, in \OT1/cmr/m/it/12 /git/projects/0a\OT1/cmr/m/n
/12 , open \OT1/cmr/m/it/12 3b69012c...
 []

[3]
Overfull \hbox (156.1738pt too wide) in paragraph at lines 133--134
[]
 []


Overfull \hbox (5.54567pt too wide) in paragraph at lines 135--136
[]\OT1/cmr/m/n/12 shows which com-mit the \OT1/cmr/m/it/12 HEAD
 []


Overfull \hbox (9.31693pt too wide) in paragraph at lines 141--142
[]\OT1/cmr/m/n/12 shows only last 2,3,4.. com-
 []


Overfull \hbox (156.1738pt too wide) in paragraph at lines 142--143
[]
 []


Overfull \hbox (4.26883pt too wide) in paragraph at lines 142--143
\OT1/cmr/m/n/12 shows com-mits made since
 []


Overfull \hbox (8.0549pt too wide) in paragraph at lines 144--145
[]\OT1/cmr/m/n/12 includes only com-mits with
 []


Overfull \hbox (18.82562pt too wide) in paragraph at lines 145--146
[]\OT1/cmr/m/n/12 includes only com-mits chang-
 []


Overfull \hbox (5.63965pt too wide) in paragraph at lines 145--146
\OT1/cmr/m/n/12 ing the code with function-
 []


Overfull \hbox (2.17996pt too wide) in paragraph at lines 147--148
[]\OT1/cmr/m/n/12 excludes com-mits that are
 []

[4]
Overfull \hbox (2.59795pt too wide) in paragraph at lines 178--179
[]\OT1/cmr/m/n/12 pushes tag to re-mote repos-
 []


Overfull \hbox (1.94518pt too wide) in paragraph at lines 179--180
[]\OT1/cmr/m/n/12 pushes all lo-cal tags not yet
 []


Overfull \hbox (16.56725pt too wide) in paragraph at lines 181--182
[]\OT1/cmr/m/n/12 deletes tag from re-mote repos-
 []


Overfull \hbox (39.6964pt too wide) in paragraph at lines 192--193
[]\OT1/cmr/m/n/12 joins \OT1/cmtt/m/n/12 git unstage filename
 []


Overfull \hbox (1.60194pt too wide) in paragraph at lines 192--193
\OT1/cmr/m/n/12 with \OT1/cmtt/m/n/12 git reset HEAD
 []

[5]
Overfull \hbox (17.69064pt too wide) in paragraph at lines 198--199
[]\OT1/cmr/m/n/12 shows last com-mit for each branch 
 []


Overfull \hbox (37.92654pt too wide) in paragraph at lines 201--202
[]\OT1/cmr/m/n/12 shows all merged(unmerged) branches
 []


Overfull \hbox (6.76305pt too wide) in paragraph at lines 216--217
[]\OT1/cmr/m/n/12 each lo-cal branch gets up-dated 
 []


Overfull \hbox (156.1738pt too wide) in paragraph at lines 217--218
[]
 []


Overfull \hbox (7.43819pt too wide) in paragraph at lines 218--219
[]\OT1/cmr/m/n/12 if \OT1/cmr/m/it/12 name-of-branch \OT1/cmr/m/n/12 ex-ists on
 the
 []


Overfull \hbox (5.4575pt too wide) in paragraph at lines 218--219
\OT1/cmr/m/n/12 branch of the one on the server 
 []


Overfull \hbox (19.1657pt too wide) in paragraph at lines 219--220
\OT1/cmr/m/n/12 track the spec-i-fied re-mote branch 
 []

[6]
Underfull \hbox (badness 10000) in paragraph at lines 238--239

 []

[7] (./git_commands.aux)

LaTeX Font Warning: Some font shapes were not available, defaults substituted.

 ) 
Here is how much of TeX's memory you used:
 1407 strings out of 493108
 22636 string characters out of 6138446
 124154 words of memory out of 5000000
 4924 multiletter control sequences out of 15000+600000
 7172 words of font info for 26 fonts, out of 8000000 for 9000
 1141 hyphenation exceptions out of 8191
 40i,6n,51p,350b,259s stack positions out of 5000i,500n,10000p,200000b,80000s
<c:/texlive/2014/texmf-dist/fonts/type1/public/amsfonts/cm/cmr12.pfb><c:/texl
ive/2014/texmf-dist/fonts/type1/public/amsfonts/cm/cmssbx10.pfb><c:/texlive/201
4/texmf-dist/fonts/type1/public/amsfonts/cm/cmsy10.pfb><c:/texlive/2014/texmf-d
ist/fonts/type1/public/amsfonts/cm/cmti12.pfb><c:/texlive/2014/texmf-dist/fonts
/type1/public/amsfonts/cm/cmtt12.pfb>
Output written on git_commands.pdf (7 pages, 74778 bytes).
PDF statistics:
 48 PDF objects out of 1000 (max. 8388607)
 33 compressed objects within 1 object stream
 0 named destinations out of 1000 (max. 500000)
 1 words of extra memory for PDF output out of 10000 (max. 10000000)

